Traceback (most recent call last):
  File "/Library/Frameworks/Python.framework/Versions/3.11/lib/python3.11/site-packages/jupyter_cache/executors/utils.py", line 58, in single_nb_execution
    executenb(
  File "/Library/Frameworks/Python.framework/Versions/3.11/lib/python3.11/site-packages/nbclient/client.py", line 1305, in execute
    return NotebookClient(nb=nb, resources=resources, km=km, **kwargs).execute()
           ^^^^^^^^^^^^^^^^^^^^^^^^^^^^^^^^^^^^^^^^^^^^^^^^^^^^^^^^^^^^^^^^^^^^^
  File "/Users/d/Library/Python/3.11/lib/python/site-packages/jupyter_core/utils/__init__.py", line 166, in wrapped
    return loop.run_until_complete(inner)
           ^^^^^^^^^^^^^^^^^^^^^^^^^^^^^^
  File "/Library/Frameworks/Python.framework/Versions/3.11/lib/python3.11/asyncio/base_events.py", line 653, in run_until_complete
    return future.result()
           ^^^^^^^^^^^^^^^
  File "/Library/Frameworks/Python.framework/Versions/3.11/lib/python3.11/site-packages/nbclient/client.py", line 705, in async_execute
    await self.async_execute_cell(
  File "/Library/Frameworks/Python.framework/Versions/3.11/lib/python3.11/site-packages/nbclient/client.py", line 1058, in async_execute_cell
    await self._check_raise_for_error(cell, cell_index, exec_reply)
  File "/Library/Frameworks/Python.framework/Versions/3.11/lib/python3.11/site-packages/nbclient/client.py", line 914, in _check_raise_for_error
    raise CellExecutionError.from_cell_and_msg(cell, exec_reply_content)
nbclient.exceptions.CellExecutionError: An error occurred while executing the following cell:
------------------
# 1.1 Personnel

### 1.1.1 Your instructor
Abimereki Muzaale muzaale@jhmi.edu

## 1.1.2 Teaching assistants
Ning Meng nmeng2@jh.edu
Monica Jia hjia11@jhu.edu
Xujun Gu xgu23@jhmi.edu

## 1.2 Class structure

+ 8:30-9:30 lecture
+ 9:30[-](labs.md)10:00 lab
+ 10:00-10:15 break
+ 10:15-11:15 lecture
+ 11:15-12:00 lab

## 1.3 Rough schedule

### 1.3.1 Monday
+ Overview
+ Syntax
+ Commands

### 1.3.2 Tuesday
+ Return values
+ Macros
+ Programs

### 1.3.3 Wednesday
+ Loops
+ Program syntax

### 1.3.4 Thursday
+ Functions
+ Advanced commands

### 1.3.5 Friday
+ Graphs

## 1.4 Evaluation

+ One graded lab per day (in-class)
+ An optional assignment given at the end of the class
+ We encourage you to do the in-class labs even if you're not taking the class for credit
+ Everyone who turns in every lab + the final assignment (on time) will get an A or a B

## 1.5 Online learning

+ CoursePlus Discussion Forum 
     + General questions about Stata
     + Course Administration
     + Etc.
+ Email instructor
     + For confidential questions (e.g. grades)
+ Zoom protocol
     + Everyone but the lecturer will be muted
     + Type questions into the Zoom "chat" window, which we will check every few minutes
     + During labs: Post questions/comments to CoursePlus message board. Zoom will remain on
     + We intend to record and post lectures; no guarantees. Please watch live if feasible
+ Academic Integrity
     + Copying small code snippets from books, the Internet, etc. is permissible with citation in the comments
     + May annotate like this: `// Adapted from code at http://whatev.er/page.txt`
     + Looking at other students' code (i.e. over their shoulder, with their permission) is encouraged


------------------


[0;36m  Cell [0;32mIn[1], line 46[0;36m[0m
[0;31m    + We encourage you to do the in-class labs even if you're not taking the class for credit[0m
[0m                                                          ^[0m
[0;31mSyntaxError[0m[0;31m:[0m unterminated string literal (detected at line 46)


